c:\zwb\git\practice\opengl2\opengl2\openglpro\openglpro\debug\vc141.pdb
c:\zwb\git\practice\opengl2\opengl2\openglpro\openglpro\debug\vc141.idb
c:\zwb\git\practice\opengl2\opengl2\openglpro\openglpro\debug\main.obj
c:\zwb\git\practice\opengl2\opengl2\openglpro\openglpro\debug\objbase.obj
c:\zwb\git\practice\opengl2\opengl2\openglpro\openglpro\debug\objcube.obj
c:\zwb\git\practice\opengl2\opengl2\openglpro\openglpro\debug\objlight.obj
c:\zwb\git\practice\opengl2\opengl2\openglpro\openglpro\debug\objtriangle.obj
c:\zwb\git\practice\opengl2\opengl2\openglpro\openglpro\debug\stb.obj
c:\zwb\git\practice\opengl2\opengl2\openglpro\debug\openglpro.exe
c:\zwb\git\practice\opengl2\opengl2\openglpro\debug\openglpro.ilk
c:\zwb\git\practice\opengl2\opengl2\openglpro\debug\openglpro.pdb
c:\zwb\git\practice\opengl2\opengl2\openglpro\openglpro\debug\openglpro.tlog\cl.command.1.tlog
c:\zwb\git\practice\opengl2\opengl2\openglpro\openglpro\debug\openglpro.tlog\cl.read.1.tlog
c:\zwb\git\practice\opengl2\opengl2\openglpro\openglpro\debug\openglpro.tlog\cl.write.1.tlog
c:\zwb\git\practice\opengl2\opengl2\openglpro\openglpro\debug\openglpro.tlog\link-cvtres.read.1.tlog
c:\zwb\git\practice\opengl2\opengl2\openglpro\openglpro\debug\openglpro.tlog\link-cvtres.write.1.tlog
c:\zwb\git\practice\opengl2\opengl2\openglpro\openglpro\debug\openglpro.tlog\link-rc.read.1.tlog
c:\zwb\git\practice\opengl2\opengl2\openglpro\openglpro\debug\openglpro.tlog\link-rc.write.1.tlog
c:\zwb\git\practice\opengl2\opengl2\openglpro\openglpro\debug\openglpro.tlog\link.command.1.tlog
c:\zwb\git\practice\opengl2\opengl2\openglpro\openglpro\debug\openglpro.tlog\link.read.1.tlog
c:\zwb\git\practice\opengl2\opengl2\openglpro\openglpro\debug\openglpro.tlog\link.write.1.tlog
